<?xml version="1.0" encoding="UTF-8"?>
<testsuite name="hello.HelloControllerTest" tests="1" skipped="0" failures="0" errors="0" timestamp="2016-08-04T18:14:09" hostname="Raghus-MacBook-Pro.local" time="0.033">
  <properties/>
  <testcase name="getHello" classname="hello.HelloControllerTest" time="0.033"/>
  <system-out><![CDATA[2016-08-04 13:14:09.095  INFO 8094 --- [    Test worker] o.s.t.c.support.AbstractContextLoader    : Could not detect default resource locations for test class [hello.HelloControllerTest]: no resource found for suffixes {-context.xml, Context.groovy}.
2016-08-04 13:14:09.099  INFO 8094 --- [    Test worker] o.s.t.c.web.WebTestContextBootstrapper   : Loaded default TestExecutionListener class names from location [META-INF/spring.factories]: [org.springframework.boot.test.mock.mockito.MockitoTestExecutionListener, org.springframework.boot.test.mock.mockito.ResetMocksTestExecutionListener, org.springframework.boot.test.autoconfigure.AutoConfigureReportTestExecutionListener, org.springframework.boot.test.autoconfigure.restdocs.RestDocsTestExecutionListener, org.springframework.boot.test.autoconfigure.web.client.MockRestServiceServerResetTestExecutionListener, org.springframework.test.context.web.ServletTestExecutionListener, org.springframework.test.context.support.DirtiesContextBeforeModesTestExecutionListener, org.springframework.test.context.support.DependencyInjectionTestExecutionListener, org.springframework.test.context.support.DirtiesContextTestExecutionListener, org.springframework.test.context.transaction.TransactionalTestExecutionListener, org.springframework.test.context.jdbc.SqlScriptsTestExecutionListener]
2016-08-04 13:14:09.101  INFO 8094 --- [    Test worker] o.s.t.c.web.WebTestContextBootstrapper   : Could not instantiate TestExecutionListener [org.springframework.test.context.transaction.TransactionalTestExecutionListener]. Specify custom listener classes or make the default listener classes (and their required dependencies) available. Offending class: [org/springframework/transaction/interceptor/TransactionAttributeSource]
2016-08-04 13:14:09.101  INFO 8094 --- [    Test worker] o.s.t.c.web.WebTestContextBootstrapper   : Could not instantiate TestExecutionListener [org.springframework.test.context.jdbc.SqlScriptsTestExecutionListener]. Specify custom listener classes or make the default listener classes (and their required dependencies) available. Offending class: [org/springframework/transaction/interceptor/TransactionAttribute]
2016-08-04 13:14:09.102  INFO 8094 --- [    Test worker] o.s.t.c.web.WebTestContextBootstrapper   : Using TestExecutionListeners: [org.springframework.test.context.web.ServletTestExecutionListener@30eb23f1, org.springframework.test.context.support.DirtiesContextBeforeModesTestExecutionListener@41bc5c5b, org.springframework.boot.test.autoconfigure.AutoConfigureReportTestExecutionListener@43536073, org.springframework.test.context.support.DependencyInjectionTestExecutionListener@712b24c8, org.springframework.test.context.support.DirtiesContextTestExecutionListener@18b665b7, org.springframework.boot.test.autoconfigure.web.client.MockRestServiceServerResetTestExecutionListener@3bcbac7e, org.springframework.boot.test.mock.mockito.ResetMocksTestExecutionListener@63c3138c, org.springframework.boot.test.autoconfigure.restdocs.RestDocsTestExecutionListener@4b666658, org.springframework.boot.test.mock.mockito.MockitoTestExecutionListener@60d6295e]

  .   ____          _            __ _ _
 /\\ / ___'_ __ _ _(_)_ __  __ _ \ \ \ \
( ( )\___ | '_ | '_| | '_ \/ _` | \ \ \ \
 \\/  ___)| |_)| | | | | || (_| |  ) ) ) )
  '  |____| .__|_| |_|_| |_\__, | / / / /
 =========|_|==============|___/=/_/_/_/
 :: Spring Boot ::        (v1.4.0.RELEASE)

2016-08-04 13:14:09.134  INFO 8094 --- [    Test worker] hello.HelloControllerTest                : Starting HelloControllerTest on Raghus-MacBook-Pro.local with PID 8094 (started by raghubogimi in /Users/raghubogimi/Documents/springworkspace/springcore)
2016-08-04 13:14:09.134  INFO 8094 --- [    Test worker] hello.HelloControllerTest                : No active profile set, falling back to default profiles: default
2016-08-04 13:14:09.136  INFO 8094 --- [    Test worker] o.s.w.c.s.GenericWebApplicationContext   : Refreshing org.springframework.web.context.support.GenericWebApplicationContext@77910dde: startup date [Thu Aug 04 13:14:09 CDT 2016]; root of context hierarchy
2016-08-04 13:14:09.154  INFO 8094 --- [    Test worker] hello.HelloControllerTest                : Started HelloControllerTest in 0.045 seconds (JVM running for 3.61)
2016-08-04 13:14:09.258  INFO 8094 --- [    Test worker] ilder$StaticRequestMappingHandlerMapping : Mapped "{[/]}" onto public java.lang.String hello.HelloController.index()
2016-08-04 13:14:09.265  INFO 8094 --- [    Test worker] s.w.s.m.m.a.RequestMappingHandlerAdapter : Looking for @ControllerAdvice: org.springframework.test.web.servlet.setup.StubWebApplicationContext@1d76eeed
2016-08-04 13:14:09.269  INFO 8094 --- [    Test worker] o.s.mock.web.MockServletContext          : Initializing Spring FrameworkServlet ''
2016-08-04 13:14:09.269  INFO 8094 --- [    Test worker] o.s.t.web.servlet.TestDispatcherServlet  : FrameworkServlet '': initialization started
2016-08-04 13:14:09.269  INFO 8094 --- [    Test worker] o.s.t.web.servlet.TestDispatcherServlet  : FrameworkServlet '': initialization completed in 0 ms
]]></system-out>
  <system-err><![CDATA[]]></system-err>
</testsuite>
