<?xml version="1.0" encoding="UTF-8"?>
<testsuite name="hello.HelloControllerTest" tests="1" skipped="0" failures="0" errors="0" timestamp="2016-08-05T11:22:42" hostname="Raghus-MacBook-Pro.local" time="0.029">
  <properties/>
  <testcase name="getHello" classname="hello.HelloControllerTest" time="0.029"/>
  <system-out><![CDATA[2016-08-05 06:22:42.333  INFO 8924 --- [    Test worker] o.s.t.c.support.AbstractContextLoader    : Could not detect default resource locations for test class [hello.HelloControllerTest]: no resource found for suffixes {-context.xml, Context.groovy}.
2016-08-05 06:22:42.338  INFO 8924 --- [    Test worker] o.s.t.c.web.WebTestContextBootstrapper   : Loaded default TestExecutionListener class names from location [META-INF/spring.factories]: [org.springframework.boot.test.mock.mockito.MockitoTestExecutionListener, org.springframework.boot.test.mock.mockito.ResetMocksTestExecutionListener, org.springframework.boot.test.autoconfigure.AutoConfigureReportTestExecutionListener, org.springframework.boot.test.autoconfigure.restdocs.RestDocsTestExecutionListener, org.springframework.boot.test.autoconfigure.web.client.MockRestServiceServerResetTestExecutionListener, org.springframework.test.context.web.ServletTestExecutionListener, org.springframework.test.context.support.DirtiesContextBeforeModesTestExecutionListener, org.springframework.test.context.support.DependencyInjectionTestExecutionListener, org.springframework.test.context.support.DirtiesContextTestExecutionListener, org.springframework.test.context.transaction.TransactionalTestExecutionListener, org.springframework.test.context.jdbc.SqlScriptsTestExecutionListener]
2016-08-05 06:22:42.341  INFO 8924 --- [    Test worker] o.s.t.c.web.WebTestContextBootstrapper   : Could not instantiate TestExecutionListener [org.springframework.test.context.jdbc.SqlScriptsTestExecutionListener]. Specify custom listener classes or make the default listener classes (and their required dependencies) available. Offending class: [org/springframework/transaction/interceptor/TransactionAttribute]
2016-08-05 06:22:42.342  INFO 8924 --- [    Test worker] o.s.t.c.web.WebTestContextBootstrapper   : Could not instantiate TestExecutionListener [org.springframework.test.context.transaction.TransactionalTestExecutionListener]. Specify custom listener classes or make the default listener classes (and their required dependencies) available. Offending class: [org/springframework/transaction/interceptor/TransactionAttributeSource]
2016-08-05 06:22:42.342  INFO 8924 --- [    Test worker] o.s.t.c.web.WebTestContextBootstrapper   : Using TestExecutionListeners: [org.springframework.test.context.web.ServletTestExecutionListener@628151eb, org.springframework.test.context.support.DirtiesContextBeforeModesTestExecutionListener@64f0959c, org.springframework.boot.test.autoconfigure.AutoConfigureReportTestExecutionListener@4a3a71a3, org.springframework.test.context.support.DependencyInjectionTestExecutionListener@57f3ce69, org.springframework.test.context.support.DirtiesContextTestExecutionListener@3f15c375, org.springframework.boot.test.autoconfigure.web.client.MockRestServiceServerResetTestExecutionListener@5fa9fd7e, org.springframework.boot.test.mock.mockito.MockitoTestExecutionListener@46872841, org.springframework.boot.test.mock.mockito.ResetMocksTestExecutionListener@fce367e, org.springframework.boot.test.autoconfigure.restdocs.RestDocsTestExecutionListener@1ed15299]

  .   ____          _            __ _ _
 /\\ / ___'_ __ _ _(_)_ __  __ _ \ \ \ \
( ( )\___ | '_ | '_| | '_ \/ _` | \ \ \ \
 \\/  ___)| |_)| | | | | || (_| |  ) ) ) )
  '  |____| .__|_| |_|_| |_\__, | / / / /
 =========|_|==============|___/=/_/_/_/
 :: Spring Boot ::        (v1.4.0.RELEASE)

2016-08-05 06:22:42.368  INFO 8924 --- [    Test worker] hello.HelloControllerTest                : Starting HelloControllerTest on Raghus-MacBook-Pro.local with PID 8924 (started by raghubogimi in /Users/raghubogimi/Documents/springworkspace/springcore)
2016-08-05 06:22:42.368  INFO 8924 --- [    Test worker] hello.HelloControllerTest                : No active profile set, falling back to default profiles: default
2016-08-05 06:22:42.370  INFO 8924 --- [    Test worker] o.s.w.c.s.GenericWebApplicationContext   : Refreshing org.springframework.web.context.support.GenericWebApplicationContext@7e393adf: startup date [Fri Aug 05 06:22:42 CDT 2016]; root of context hierarchy
2016-08-05 06:22:42.384  INFO 8924 --- [    Test worker] hello.HelloControllerTest                : Started HelloControllerTest in 0.035 seconds (JVM running for 3.023)
2016-08-05 06:22:42.399  INFO 8924 --- [    Test worker] ilder$StaticRequestMappingHandlerMapping : Mapped "{[/]}" onto public java.lang.String hello.HelloController.index()
2016-08-05 06:22:42.405  INFO 8924 --- [    Test worker] s.w.s.m.m.a.RequestMappingHandlerAdapter : Looking for @ControllerAdvice: org.springframework.test.web.servlet.setup.StubWebApplicationContext@5da99bb8
2016-08-05 06:22:42.410  INFO 8924 --- [    Test worker] o.s.mock.web.MockServletContext          : Initializing Spring FrameworkServlet ''
2016-08-05 06:22:42.410  INFO 8924 --- [    Test worker] o.s.t.web.servlet.TestDispatcherServlet  : FrameworkServlet '': initialization started
2016-08-05 06:22:42.410  INFO 8924 --- [    Test worker] o.s.t.web.servlet.TestDispatcherServlet  : FrameworkServlet '': initialization completed in 0 ms
]]></system-out>
  <system-err><![CDATA[]]></system-err>
</testsuite>
